#
# There is insufficient memory for the Java Runtime Environment to continue.
# Native memory allocation (malloc) failed to allocate 32744 bytes for Chunk::new
# Possible reasons:
#   The system is out of physical RAM or swap space
#   The process is running with CompressedOops enabled, and the Java Heap may be blocking the growth of the native heap
# Possible solutions:
#   Reduce memory load on the system
#   Increase physical memory or swap space
#   Check if swap backing store is full
#   Decrease Java heap size (-Xmx/-Xms)
#   Decrease number of Java threads
#   Decrease Java thread stack sizes (-Xss)
#   Set larger code cache with -XX:ReservedCodeCacheSize=
#   JVM is running with Unscaled Compressed Oops mode in which the Java heap is
#     placed in the first 4GB address space. The Java Heap base address is the
#     maximum limit for the native heap growth. Please use -XX:HeapBaseMinAddress
#     to set the Java Heap base and to place the Java Heap above 4GB virtual address.
# This output file may be truncated or incomplete.
#
#  Out of Memory Error (arena.cpp:184), pid=10912, tid=3844
#
# JRE version: Java(TM) SE Runtime Environment (19.0+36) (build 19+36-2238)
# Java VM: Java HotSpot(TM) 64-Bit Server VM (19+36-2238, mixed mode, sharing, tiered, compressed oops, compressed class ptrs, g1 gc, windows-amd64)
# No core dump will be written. Minidumps are not enabled by default on client versions of Windows
#

---------------  S U M M A R Y ------------

Command Line: -Dorg.gradle.appname=gradlew org.gradle.wrapper.GradleWrapperMain -q -Ptarget-platform=android-x86 -Ptarget=E:\ss\flutter\zflutter project\final_project\lib\main.dart -Pbase-application-name=android.app.Application -Pdart-defines=Zmx1dHRlci5pbnNwZWN0b3Iuc3RydWN0dXJlZEVycm9ycz10cnVl,RkxVVFRFUl9XRUJfQVVUT19ERVRFQ1Q9dHJ1ZQ==,RkxVVFRFUl9XRUJfQ0FOVkFTS0lUX1VSTD1odHRwczovL3d3dy5nc3RhdGljLmNvbS9mbHV0dGVyLWNhbnZhc2tpdC9iNGZiMTEyMTRkZDJkZGE2Y2UwMTJkZDk4ZWE0OThlOWU4YjkxMjYyLw== -Pdart-obfuscation=false -Ptrack-widget-creation=true -Ptree-shake-icons=false -Pfilesystem-scheme=org-dartlang-root assembleDebug

Host: Intel(R) Core(TM) i7-8565U CPU @ 1.80GHz, 8 cores, 7G,  Windows 10 , 64 bit Build 19041 (10.0.19041.3031)
Time: Sat Jun 24 00:24:10 2023 Egypt Daylight Time elapsed time: 7.275946 seconds (0d 0h 0m 7s)

---------------  T H R E A D  ---------------

Current thread (0x0000023873c0df50):  JavaThread "C1 CompilerThread0" daemon [_thread_in_native, id=3844, stack(0x00000094c9800000,0x00000094c9900000)]


Current CompileTask:
C1:   7276 1263   !   3       java.lang.Class::getEnumConstantsShared (71 bytes)

Stack: [0x00000094c9800000,0x00000094c9900000]
Native frames: (J=compiled Java code, j=interpreted, Vv=VM code, C=native code)
V  [jvm.dll+0x6ee8fa]
V  [jvm.dll+0x857a1e]
V  [jvm.dll+0x85940e]
V  [jvm.dll+0x859ac3]
V  [jvm.dll+0x28291f]
V  [jvm.dll+0xc9b5f]
V  [jvm.dll+0xc9ee5]
V  [jvm.dll+0x148c35]
V  [jvm.dll+0x1ae1d6]
V  [jvm.dll+0x1afbfd]
V  [jvm.dll+0x1af2aa]
V  [jvm.dll+0x176c8b]
V  [jvm.dll+0x160df8]
V  [jvm.dll+0x160f93]
V  [jvm.dll+0x161278]
V  [jvm.dll+0x1606d6]
V  [jvm.dll+0x1623cd]
V  [jvm.dll+0x25b0fa]
V  [jvm.dll+0x259588]
V  [jvm.dll+0x807928]
V  [jvm.dll+0x8015fa]
V  [jvm.dll+0x6ed5eb]
C  [ucrtbase.dll+0x21bb2]
C  [KERNEL32.DLL+0x17614]
C  [ntdll.dll+0x526f1]


---------------  P R O C E S S  ---------------

Threads class SMR info:
_java_thread_list=0x0000023873fb5110, length=14, elements={
0x0000023851290050, 0x000002386fa9c1a0, 0x000002386fa9cf90, 0x000002386fa9e860,
0x0000023873c03490, 0x0000023873c03dc0, 0x0000023873c046f0, 0x0000023873c05490,
0x0000023873c0df50, 0x0000023873c17f20, 0x0000023873d4d460, 0x0000023873d54840,
0x0000023874677ba0, 0x0000023874878d30
}

Java Threads: ( => current thread )
  0x0000023851290050 JavaThread "main" [_thread_in_native, id=9068, stack(0x00000094c8a00000,0x00000094c8b00000)]
  0x000002386fa9c1a0 JavaThread "Reference Handler" daemon [_thread_blocked, id=6660, stack(0x00000094c9100000,0x00000094c9200000)]
  0x000002386fa9cf90 JavaThread "Finalizer" daemon [_thread_blocked, id=8388, stack(0x00000094c9200000,0x00000094c9300000)]
  0x000002386fa9e860 JavaThread "Signal Dispatcher" daemon [_thread_blocked, id=9024, stack(0x00000094c9300000,0x00000094c9400000)]
  0x0000023873c03490 JavaThread "Attach Listener" daemon [_thread_blocked, id=5080, stack(0x00000094c9400000,0x00000094c9500000)]
  0x0000023873c03dc0 JavaThread "Service Thread" daemon [_thread_blocked, id=9236, stack(0x00000094c9500000,0x00000094c9600000)]
  0x0000023873c046f0 JavaThread "Monitor Deflation Thread" daemon [_thread_blocked, id=9764, stack(0x00000094c9600000,0x00000094c9700000)]
  0x0000023873c05490 JavaThread "C2 CompilerThread0" daemon [_thread_blocked, id=7752, stack(0x00000094c9700000,0x00000094c9800000)]
=>0x0000023873c0df50 JavaThread "C1 CompilerThread0" daemon [_thread_in_native, id=3844, stack(0x00000094c9800000,0x00000094c9900000)]
  0x0000023873c17f20 JavaThread "Sweeper thread" daemon [_thread_blocked, id=5216, stack(0x00000094c9900000,0x00000094c9a00000)]
  0x0000023873d4d460 JavaThread "Notification Thread" daemon [_thread_blocked, id=1812, stack(0x00000094c9a00000,0x00000094c9b00000)]
  0x0000023873d54840 JavaThread "Common-Cleaner" daemon [_thread_blocked, id=4716, stack(0x00000094c9c00000,0x00000094c9d00000)]
  0x0000023874677ba0 JavaThread "pool-1-thread-1" [_thread_blocked, id=8244, stack(0x00000094c9d00000,0x00000094c9e00000)]
  0x0000023874878d30 JavaThread "Forward input" [_thread_blocked, id=1380, stack(0x00000094ca500000,0x00000094ca600000)]

Other Threads:
  0x000002386fa86010 VMThread "VM Thread" [stack: 0x00000094c9000000,0x00000094c9100000] [id=6080]
  0x0000023873d503d0 WatcherThread "VM Periodic Task Thread" [stack: 0x00000094c9b00000,0x00000094c9c00000] [id=8088]
  0x00000238512f02f0 WorkerThread "GC Thread#0" [stack: 0x00000094c8b00000,0x00000094c8c00000] [id=3720]
  0x0000023873e374d0 WorkerThread "GC Thread#1" [stack: 0x00000094c9e00000,0x00000094c9f00000] [id=1232]
  0x00000238746790e0 WorkerThread "GC Thread#2" [stack: 0x00000094c9f00000,0x00000094ca000000] [id=2140]
  0x00000238746793b0 WorkerThread "GC Thread#3" [stack: 0x00000094ca000000,0x00000094ca100000] [id=10464]
  0x00000238745f9a20 WorkerThread "GC Thread#4" [stack: 0x00000094ca100000,0x00000094ca200000] [id=3504]
  0x00000238745f9cf0 WorkerThread "GC Thread#5" [stack: 0x00000094ca200000,0x00000094ca300000] [id=9052]
  0x0000023851300da0 ConcurrentGCThread "G1 Main Marker" [stack: 0x00000094c8c00000,0x00000094c8d00000] [id=6772]
  0x0000023851302890 WorkerThread "G1 Conc#0" [stack: 0x00000094c8d00000,0x00000094c8e00000] [id=6156]
  0x000002385133e890 ConcurrentGCThread "G1 Refine#0" [stack: 0x00000094c8e00000,0x00000094c8f00000] [id=5812]
  0x000002386f900590 ConcurrentGCThread "G1 Service" [stack: 0x00000094c8f00000,0x00000094c9000000] [id=1948]

Threads with active compile tasks:
C1 CompilerThread0     7309 1263   !   3       java.lang.Class::getEnumConstantsShared (71 bytes)

VM state: not at safepoint (normal execution)

VM Mutex/Monitor currently owned by a thread: None

Heap address: 0x0000000081e00000, size: 2018 MB, Compressed Oops mode: 32-bit

CDS archive(s) mapped at: [0x0000000800000000-0x0000000800c40000-0x0000000800c40000), size 12845056, SharedBaseAddress: 0x0000000800000000, ArchiveRelocationMode: 0.
Compressed class space mapped at: 0x0000000801000000-0x0000000841000000, reserved size: 1073741824
Narrow klass base: 0x0000000800000000, Narrow klass shift: 0, Narrow klass range: 0x100000000

GC Precious Log:
 CardTable entry size: 512
 Card Set container configuration: InlinePtr #cards 5 size 8 Array Of Cards #cards 12 size 40 Howl #buckets 4 coarsen threshold 1843 Howl Bitmap #cards 512 size 80 coarsen threshold 460 Card regions per heap region 1 cards per card region 2048
 CPUs: 8 total, 8 available
 Memory: 8068M
 Large Page Support: Disabled
 NUMA Support: Disabled
 Compressed Oops: Enabled (32-bit)
 Heap Region Size: 1M
 Heap Min Capacity: 8M
 Heap Initial Capacity: 128M
 Heap Max Capacity: 2018M
 Pre-touch: Disabled
 Parallel Workers: 8
 Concurrent Workers: 2
 Concurrent Refinement Workers: 8
 Periodic GC: Disabled

Heap:
 garbage-first heap   total 131072K, used 20468K [0x0000000081e00000, 0x0000000100000000)
  region size 1024K, 15 young (15360K), 3 survivors (3072K)
 Metaspace       used 8224K, committed 8512K, reserved 1114112K
  class space    used 1099K, committed 1216K, reserved 1048576K

Heap Regions: E=young(eden), S=young(survivor), O=old, HS=humongous(starts), HC=humongous(continues), CS=collection set, F=free, OA=open archive, CA=closed archive, TAMS=top-at-mark-start (previous, next)
|   0|0x0000000081e00000, 0x0000000081f00000, 0x0000000081f00000|100%|HS|  |TAMS 0x0000000081e00000, 0x0000000081e00000| Complete 
|   1|0x0000000081f00000, 0x0000000082000000, 0x0000000082000000|100%|HC|  |TAMS 0x0000000081f00000, 0x0000000081f00000| Complete 
|   2|0x0000000082000000, 0x0000000082100000, 0x0000000082100000|100%|HC|  |TAMS 0x0000000082000000, 0x0000000082000000| Complete 
|   3|0x0000000082100000, 0x0000000082200000, 0x0000000082200000|100%| O|  |TAMS 0x0000000082100000, 0x0000000082100000| Untracked 
|   4|0x0000000082200000, 0x0000000082300000, 0x0000000082300000|100%| O|  |TAMS 0x0000000082200000, 0x0000000082200000| Untracked 
|   5|0x0000000082300000, 0x00000000823fd200, 0x0000000082400000| 98%| O|  |TAMS 0x0000000082300000, 0x0000000082300000| Untracked 
|   6|0x0000000082400000, 0x0000000082400000, 0x0000000082500000|  0%| F|  |TAMS 0x0000000082400000, 0x0000000082400000| Untracked 
|   7|0x0000000082500000, 0x0000000082500000, 0x0000000082600000|  0%| F|  |TAMS 0x0000000082500000, 0x0000000082500000| Untracked 
|   8|0x0000000082600000, 0x0000000082600000, 0x0000000082700000|  0%| F|  |TAMS 0x0000000082600000, 0x0000000082600000| Untracked 
|   9|0x0000000082700000, 0x0000000082700000, 0x0000000082800000|  0%| F|  |TAMS 0x0000000082700000, 0x0000000082700000| Untracked 
|  10|0x0000000082800000, 0x0000000082800000, 0x0000000082900000|  0%| F|  |TAMS 0x0000000082800000, 0x0000000082800000| Untracked 
|  11|0x0000000082900000, 0x0000000082900000, 0x0000000082a00000|  0%| F|  |TAMS 0x0000000082900000, 0x0000000082900000| Untracked 
|  12|0x0000000082a00000, 0x0000000082a00000, 0x0000000082b00000|  0%| F|  |TAMS 0x0000000082a00000, 0x0000000082a00000| Untracked 
|  13|0x0000000082b00000, 0x0000000082b00000, 0x0000000082c00000|  0%| F|  |TAMS 0x0000000082b00000, 0x0000000082b00000| Untracked 
|  14|0x0000000082c00000, 0x0000000082c00000, 0x0000000082d00000|  0%| F|  |TAMS 0x0000000082c00000, 0x0000000082c00000| Untracked 
|  15|0x0000000082d00000, 0x0000000082d00000, 0x0000000082e00000|  0%| F|  |TAMS 0x0000000082d00000, 0x0000000082d00000| Untracked 
|  16|0x0000000082e00000, 0x0000000082e00000, 0x0000000082f00000|  0%| F|  |TAMS 0x0000000082e00000, 0x0000000082e00000| Untracked 
|  17|0x0000000082f00000, 0x0000000082f00000, 0x0000000083000000|  0%| F|  |TAMS 0x0000000082f00000, 0x0000000082f00000| Untracked 
|  18|0x0000000083000000, 0x0000000083000000, 0x0000000083100000|  0%| F|  |TAMS 0x0000000083000000, 0x0000000083000000| Untracked 
|  19|0x0000000083100000, 0x0000000083100000, 0x0000000083200000|  0%| F|  |TAMS 0x0000000083100000, 0x0000000083100000| Untracked 
|  20|0x0000000083200000, 0x0000000083200000, 0x0000000083300000|  0%| F|  |TAMS 0x0000000083200000, 0x0000000083200000| Untracked 
|  21|0x0000000083300000, 0x0000000083300000, 0x0000000083400000|  0%| F|  |TAMS 0x0000000083300000, 0x0000000083300000| Untracked 
|  22|0x0000000083400000, 0x0000000083400000, 0x0000000083500000|  0%| F|  |TAMS 0x0000000083400000, 0x0000000083400000| Untracked 
|  23|0x0000000083500000, 0x0000000083500000, 0x0000000083600000|  0%| F|  |TAMS 0x0000000083500000, 0x0000000083500000| Untracked 
|  24|0x0000000083600000, 0x0000000083600000, 0x0000000083700000|  0%| F|  |TAMS 0x0000000083600000, 0x0000000083600000| Untracked 
|  25|0x0000000083700000, 0x0000000083700000, 0x0000000083800000|  0%| F|  |TAMS 0x0000000083700000, 0x0000000083700000| Untracked 
|  26|0x0000000083800000, 0x0000000083800000, 0x0000000083900000|  0%| F|  |TAMS 0x0000000083800000, 0x0000000083800000| Untracked 
|  27|0x0000000083900000, 0x0000000083900000, 0x0000000083a00000|  0%| F|  |TAMS 0x0000000083900000, 0x0000000083900000| Untracked 
|  28|0x0000000083a00000, 0x0000000083a00000, 0x0000000083b00000|  0%| F|  |TAMS 0x0000000083a00000, 0x0000000083a00000| Untracked 
|  29|0x0000000083b00000, 0x0000000083b00000, 0x0000000083c00000|  0%| F|  |TAMS 0x0000000083b00000, 0x0000000083b00000| Untracked 
|  30|0x0000000083c00000, 0x0000000083c00000, 0x0000000083d00000|  0%| F|  |TAMS 0x0000000083c00000, 0x0000000083c00000| Untracked 
|  31|0x0000000083d00000, 0x0000000083d00000, 0x0000000083e00000|  0%| F|  |TAMS 0x0000000083d00000, 0x0000000083d00000| Untracked 
|  32|0x0000000083e00000, 0x0000000083e00000, 0x0000000083f00000|  0%| F|  |TAMS 0x0000000083e00000, 0x0000000083e00000| Untracked 
|  33|0x0000000083f00000, 0x0000000083f00000, 0x0000000084000000|  0%| F|  |TAMS 0x0000000083f00000, 0x0000000083f00000| Untracked 
|  34|0x0000000084000000, 0x0000000084000000, 0x0000000084100000|  0%| F|  |TAMS 0x0000000084000000, 0x0000000084000000| Untracked 
|  35|0x0000000084100000, 0x0000000084100000, 0x0000000084200000|  0%| F|  |TAMS 0x0000000084100000, 0x0000000084100000| Untracked 
|  36|0x0000000084200000, 0x0000000084200000, 0x0000000084300000|  0%| F|  |TAMS 0x0000000084200000, 0x0000000084200000| Untracked 
|  37|0x0000000084300000, 0x0000000084300000, 0x0000000084400000|  0%| F|  |TAMS 0x0000000084300000, 0x0000000084300000| Untracked 
|  38|0x0000000084400000, 0x0000000084400000, 0x0000000084500000|  0%| F|  |TAMS 0x0000000084400000, 0x0000000084400000| Untracked 
|  39|0x0000000084500000, 0x0000000084500000, 0x0000000084600000|  0%| F|  |TAMS 0x0000000084500000, 0x0000000084500000| Untracked 
|  40|0x0000000084600000, 0x0000000084600000, 0x0000000084700000|  0%| F|  |TAMS 0x0000000084600000, 0x0000000084600000| Untracked 
|  41|0x0000000084700000, 0x0000000084700000, 0x0000000084800000|  0%| F|  |TAMS 0x0000000084700000, 0x0000000084700000| Untracked 
|  42|0x0000000084800000, 0x0000000084800000, 0x0000000084900000|  0%| F|  |TAMS 0x0000000084800000, 0x0000000084800000| Untracked 
|  43|0x0000000084900000, 0x0000000084900000, 0x0000000084a00000|  0%| F|  |TAMS 0x0000000084900000, 0x0000000084900000| Untracked 
|  44|0x0000000084a00000, 0x0000000084a00000, 0x0000000084b00000|  0%| F|  |TAMS 0x0000000084a00000, 0x0000000084a00000| Untracked 
|  45|0x0000000084b00000, 0x0000000084b00000, 0x0000000084c00000|  0%| F|  |TAMS 0x0000000084b00000, 0x0000000084b00000| Untracked 
|  46|0x0000000084c00000, 0x0000000084c00000, 0x0000000084d00000|  0%| F|  |TAMS 0x0000000084c00000, 0x0000000084c00000| Untracked 
|  47|0x0000000084d00000, 0x0000000084d00000, 0x0000000084e00000|  0%| F|  |TAMS 0x0000000084d00000, 0x0000000084d00000| Untracked 
|  48|0x0000000084e00000, 0x0000000084e00000, 0x0000000084f00000|  0%| F|  |TAMS 0x0000000084e00000, 0x0000000084e00000| Untracked 
|  49|0x0000000084f00000, 0x0000000084f00000, 0x0000000085000000|  0%| F|  |TAMS 0x0000000084f00000, 0x0000000084f00000| Untracked 
|  50|0x0000000085000000, 0x0000000085000000, 0x0000000085100000|  0%| F|  |TAMS 0x0000000085000000, 0x0000000085000000| Untracked 
|  51|0x0000000085100000, 0x0000000085100000, 0x0000000085200000|  0%| F|  |TAMS 0x0000000085100000, 0x0000000085100000| Untracked 
|  52|0x0000000085200000, 0x0000000085200000, 0x0000000085300000|  0%| F|  |TAMS 0x0000000085200000, 0x0000000085200000| Untracked 
|  53|0x0000000085300000, 0x0000000085300000, 0x0000000085400000|  0%| F|  |TAMS 0x0000000085300000, 0x0000000085300000| Untracked 
|  54|0x0000000085400000, 0x0000000085400000, 0x0000000085500000|  0%| F|  |TAMS 0x0000000085400000, 0x0000000085400000| Untracked 
|  55|0x0000000085500000, 0x0000000085500000, 0x0000000085600000|  0%| F|  |TAMS 0x0000000085500000, 0x0000000085500000| Untracked 
|  56|0x0000000085600000, 0x0000000085600000, 0x0000000085700000|  0%| F|  |TAMS 0x0000000085600000, 0x0000000085600000| Untracked 
|  57|0x0000000085700000, 0x0000000085700000, 0x0000000085800000|  0%| F|  |TAMS 0x0000000085700000, 0x0000000085700000| Untracked 
|  58|0x0000000085800000, 0x0000000085800000, 0x0000000085900000|  0%| F|  |TAMS 0x0000000085800000, 0x0000000085800000| Untracked 
|  59|0x0000000085900000, 0x0000000085900000, 0x0000000085a00000|  0%| F|  |TAMS 0x0000000085900000, 0x0000000085900000| Untracked 
|  60|0x0000000085a00000, 0x0000000085a00000, 0x0000000085b00000|  0%| F|  |TAMS 0x0000000085a00000, 0x0000000085a00000| Untracked 
|  61|0x0000000085b00000, 0x0000000085b00000, 0x0000000085c00000|  0%| F|  |TAMS 0x0000000085b00000, 0x0000000085b00000| Untracked 
|  62|0x0000000085c00000, 0x0000000085c00000, 0x0000000085d00000|  0%| F|  |TAMS 0x0000000085c00000, 0x0000000085c00000| Untracked 
|  63|0x0000000085d00000, 0x0000000085d00000, 0x0000000085e00000|  0%| F|  |TAMS 0x0000000085d00000, 0x0000000085d00000| Untracked 
|  64|0x0000000085e00000, 0x0000000085e00000, 0x0000000085f00000|  0%| F|  |TAMS 0x0000000085e00000, 0x0000000085e00000| Untracked 
|  65|0x0000000085f00000, 0x0000000085f00000, 0x0000000086000000|  0%| F|  |TAMS 0x0000000085f00000, 0x0000000085f00000| Untracked 
|  66|0x0000000086000000, 0x0000000086000000, 0x0000000086100000|  0%| F|  |TAMS 0x0000000086000000, 0x0000000086000000| Untracked 
|  67|0x0000000086100000, 0x0000000086100000, 0x0000000086200000|  0%| F|  |TAMS 0x0000000086100000, 0x0000000086100000| Untracked 
|  68|0x0000000086200000, 0x0000000086200000, 0x0000000086300000|  0%| F|  |TAMS 0x0000000086200000, 0x0000000086200000| Untracked 
|  69|0x0000000086300000, 0x0000000086300000, 0x0000000086400000|  0%| F|  |TAMS 0x0000000086300000, 0x0000000086300000| Untracked 
|  70|0x0000000086400000, 0x0000000086400000, 0x0000000086500000|  0%| F|  |TAMS 0x0000000086400000, 0x0000000086400000| Untracked 
|  71|0x0000000086500000, 0x0000000086500000, 0x0000000086600000|  0%| F|  |TAMS 0x0000000086500000, 0x0000000086500000| Untracked 
|  72|0x0000000086600000, 0x0000000086600000, 0x0000000086700000|  0%| F|  |TAMS 0x0000000086600000, 0x0000000086600000| Untracked 
|  73|0x0000000086700000, 0x0000000086700000, 0x0000000086800000|  0%| F|  |TAMS 0x0000000086700000, 0x0000000086700000| Untracked 
|  74|0x0000000086800000, 0x0000000086800000, 0x0000000086900000|  0%| F|  |TAMS 0x0000000086800000, 0x0000000086800000| Untracked 
|  75|0x0000000086900000, 0x0000000086900000, 0x0000000086a00000|  0%| F|  |TAMS 0x0000000086900000, 0x0000000086900000| Untracked 
|  76|0x0000000086a00000, 0x0000000086a00000, 0x0000000086b00000|  0%| F|  |TAMS 0x0000000086a00000, 0x0000000086a00000| Untracked 
|  77|0x0000000086b00000, 0x0000000086b00000, 0x0000000086c00000|  0%| F|  |TAMS 0x0000000086b00000, 0x0000000086b00000| Untracked 
|  78|0x0000000086c00000, 0x0000000086c00000, 0x0000000086d00000|  0%| F|  |TAMS 0x0000000086c00000, 0x0000000086c00000| Untracked 
|  79|0x0000000086d00000, 0x0000000086d00000, 0x0000000086e00000|  0%| F|  |TAMS 0x0000000086d00000, 0x0000000086d00000| Untracked 
|  80|0x0000000086e00000, 0x0000000086e00000, 0x0000000086f00000|  0%| F|  |TAMS 0x0000000086e00000, 0x0000000086e00000| Untracked 
|  81|0x0000000086f00000, 0x0000000086f00000, 0x0000000087000000|  0%| F|  |TAMS 0x0000000086f00000, 0x0000000086f00000| Untracked 
|  82|0x0000000087000000, 0x0000000087000000, 0x0000000087100000|  0%| F|  |TAMS 0x0000000087000000, 0x0000000087000000| Untracked 
|  83|0x0000000087100000, 0x0000000087100000, 0x0000000087200000|  0%| F|  |TAMS 0x0000000087100000, 0x0000000087100000| Untracked 
|  84|0x0000000087200000, 0x0000000087200000, 0x0000000087300000|  0%| F|  |TAMS 0x0000000087200000, 0x0000000087200000| Untracked 
|  85|0x0000000087300000, 0x0000000087300000, 0x0000000087400000|  0%| F|  |TAMS 0x0000000087300000, 0x0000000087300000| Untracked 
|  86|0x0000000087400000, 0x0000000087400000, 0x0000000087500000|  0%| F|  |TAMS 0x0000000087400000, 0x0000000087400000| Untracked 
|  87|0x0000000087500000, 0x0000000087500000, 0x0000000087600000|  0%| F|  |TAMS 0x0000000087500000, 0x0000000087500000| Untracked 
|  88|0x0000000087600000, 0x0000000087600000, 0x0000000087700000|  0%| F|  |TAMS 0x0000000087600000, 0x0000000087600000| Untracked 
|  89|0x0000000087700000, 0x0000000087700000, 0x0000000087800000|  0%| F|  |TAMS 0x0000000087700000, 0x0000000087700000| Untracked 
|  90|0x0000000087800000, 0x0000000087800000, 0x0000000087900000|  0%| F|  |TAMS 0x0000000087800000, 0x0000000087800000| Untracked 
|  91|0x0000000087900000, 0x0000000087900000, 0x0000000087a00000|  0%| F|  |TAMS 0x0000000087900000, 0x0000000087900000| Untracked 
|  92|0x0000000087a00000, 0x0000000087a00000, 0x0000000087b00000|  0%| F|  |TAMS 0x0000000087a00000, 0x0000000087a00000| Untracked 
|  93|0x0000000087b00000, 0x0000000087b00000, 0x0000000087c00000|  0%| F|  |TAMS 0x0000000087b00000, 0x0000000087b00000| Untracked 
|  94|0x0000000087c00000, 0x0000000087c00000, 0x0000000087d00000|  0%| F|  |TAMS 0x0000000087c00000, 0x0000000087c00000| Untracked 
|  95|0x0000000087d00000, 0x0000000087d00000, 0x0000000087e00000|  0%| F|  |TAMS 0x0000000087d00000, 0x0000000087d00000| Untracked 
|  96|0x0000000087e00000, 0x0000000087e00000, 0x0000000087f00000|  0%| F|  |TAMS 0x0000000087e00000, 0x0000000087e00000| Untracked 
|  97|0x0000000087f00000, 0x0000000087f00000, 0x0000000088000000|  0%| F|  |TAMS 0x0000000087f00000, 0x0000000087f00000| Untracked 
|  98|0x0000000088000000, 0x0000000088000000, 0x0000000088100000|  0%| F|  |TAMS 0x0000000088000000, 0x0000000088000000| Untracked 
|  99|0x0000000088100000, 0x0000000088100000, 0x0000000088200000|  0%| F|  |TAMS 0x0000000088100000, 0x0000000088100000| Untracked 
| 100|0x0000000088200000, 0x0000000088200000, 0x0000000088300000|  0%| F|  |TAMS 0x0000000088200000, 0x0000000088200000| Untracked 
| 101|0x0000000088300000, 0x0000000088300000, 0x0000000088400000|  0%| F|  |TAMS 0x0000000088300000, 0x0000000088300000| Untracked 
| 102|0x0000000088400000, 0x0000000088500000, 0x0000000088500000|100%| S|CS|TAMS 0x0000000088400000, 0x0000000088400000| Complete 
| 103|0x0000000088500000, 0x0000000088600000, 0x0000000088600000|100%| S|CS|TAMS 0x0000000088500000, 0x0000000088500000| Complete 
| 104|0x0000000088600000, 0x0000000088700000, 0x0000000088700000|100%| S|CS|TAMS 0x0000000088600000, 0x0000000088600000| Complete 
| 105|0x0000000088700000, 0x0000000088700000, 0x0000000088800000|  0%| F|  |TAMS 0x0000000088700000, 0x0000000088700000| Untracked 
| 106|0x0000000088800000, 0x0000000088800000, 0x0000000088900000|  0%| F|  |TAMS 0x0000000088800000, 0x0000000088800000| Untracked 
| 107|0x0000000088900000, 0x0000000088900000, 0x0000000088a00000|  0%| F|  |TAMS 0x0000000088900000, 0x0000000088900000| Untracked 
| 108|0x0000000088a00000, 0x0000000088a00000, 0x0000000088b00000|  0%| F|  |TAMS 0x0000000088a00000, 0x0000000088a00000| Untracked 
| 109|0x0000000088b00000, 0x0000000088b00000, 0x0000000088c00000|  0%| F|  |TAMS 0x0000000088b00000, 0x0000000088b00000| Untracked 
| 110|0x0000000088c00000, 0x0000000088c00000, 0x0000000088d00000|  0%| F|  |TAMS 0x0000000088c00000, 0x0000000088c00000| Untracked 
| 111|0x0000000088d00000, 0x0000000088d00000, 0x0000000088e00000|  0%| F|  |TAMS 0x0000000088d00000, 0x0000000088d00000| Untracked 
| 112|0x0000000088e00000, 0x0000000088e00000, 0x0000000088f00000|  0%| F|  |TAMS 0x0000000088e00000, 0x0000000088e00000| Untracked 
| 113|0x0000000088f00000, 0x0000000088f00000, 0x0000000089000000|  0%| F|  |TAMS 0x0000000088f00000, 0x0000000088f00000| Untracked 
| 114|0x0000000089000000, 0x0000000089000000, 0x0000000089100000|  0%| F|  |TAMS 0x0000000089000000, 0x0000000089000000| Untracked 
| 115|0x0000000089100000, 0x0000000089100000, 0x0000000089200000|  0%| F|  |TAMS 0x0000000089100000, 0x0000000089100000| Untracked 
| 116|0x0000000089200000, 0x0000000089300000, 0x0000000089300000|100%| E|  |TAMS 0x0000000089200000, 0x0000000089200000| Complete 
| 117|0x0000000089300000, 0x0000000089400000, 0x0000000089400000|100%| E|CS|TAMS 0x0000000089300000, 0x0000000089300000| Complete 
| 118|0x0000000089400000, 0x0000000089500000, 0x0000000089500000|100%| E|CS|TAMS 0x0000000089400000, 0x0000000089400000| Complete 
| 119|0x0000000089500000, 0x0000000089600000, 0x0000000089600000|100%| E|CS|TAMS 0x0000000089500000, 0x0000000089500000| Complete 
| 120|0x0000000089600000, 0x0000000089700000, 0x0000000089700000|100%| E|CS|TAMS 0x0000000089600000, 0x0000000089600000| Complete 
| 121|0x0000000089700000, 0x0000000089800000, 0x0000000089800000|100%| E|CS|TAMS 0x0000000089700000, 0x0000000089700000| Complete 
| 122|0x0000000089800000, 0x0000000089900000, 0x0000000089900000|100%| E|CS|TAMS 0x0000000089800000, 0x0000000089800000| Complete 
| 123|0x0000000089900000, 0x0000000089a00000, 0x0000000089a00000|100%| E|CS|TAMS 0x0000000089900000, 0x0000000089900000| Complete 
| 124|0x0000000089a00000, 0x0000000089b00000, 0x0000000089b00000|100%| E|CS|TAMS 0x0000000089a00000, 0x0000000089a00000| Complete 
| 125|0x0000000089b00000, 0x0000000089c00000, 0x0000000089c00000|100%| E|CS|TAMS 0x0000000089b00000, 0x0000000089b00000| Complete 
| 126|0x0000000089c00000, 0x0000000089d00000, 0x0000000089d00000|100%| E|CS|TAMS 0x0000000089c00000, 0x0000000089c00000| Complete 
| 127|0x0000000089d00000, 0x0000000089e00000, 0x0000000089e00000|100%| E|CS|TAMS 0x0000000089d00000, 0x0000000089d00000| Complete 

Card table byte_map: [0x0000023868900000,0x0000023868d00000] _byte_map_base: 0x00000238684f1000

Marking Bits (Prev, Next): (CMBitMap*) 0x00000238512f0830, (CMBitMap*) 0x00000238512f0870
 Prev Bits: [0x0000023869100000, 0x000002386b088000)
 Next Bits: [0x000002386b090000, 0x000002386d018000)

Polling page: 0x000002384f160000

Metaspace:

Usage:
  Non-class:      6.96 MB used.
      Class:      1.07 MB used.
       Both:      8.03 MB used.

Virtual space:
  Non-class space:       64.00 MB reserved,       7.12 MB ( 11%) committed,  1 nodes.
      Class space:        1.00 GB reserved,       1.19 MB ( <1%) committed,  1 nodes.
             Both:        1.06 GB reserved,       8.31 MB ( <1%) committed. 

Chunk freelists:
   Non-Class:  428.00 KB
       Class:  2.64 MB
        Both:  3.06 MB

MaxMetaspaceSize: unlimited
CompressedClassSpaceSize: 1.00 GB
Initial GC threshold: 21.00 MB
Current GC threshold: 21.00 MB
CDS: on
MetaspaceReclaimPolicy: balanced
 - commit_granule_bytes: 65536.
 - commit_granule_words: 8192.
 - virtual_space_node_default_size: 8388608.
 - enlarge_chunks_in_place: 1.
 - new_chunks_are_fully_committed: 0.
 - uncommit_free_chunks: 1.
 - use_allocation_guard: 0.


Internal statistics:

num_allocs_failed_limit: 0.
num_arena_births: 208.
num_arena_deaths: 0.
num_vsnodes_births: 2.
num_vsnodes_deaths: 0.
num_space_committed: 133.
num_space_uncommitted: 0.
num_chunks_returned_to_freelist: 0.
num_chunks_taken_from_freelist: 452.
num_chunk_merges: 0.
num_chunk_splits: 277.
num_chunks_enlarged: 201.
num_inconsistent_stats: 0.

CodeHeap 'non-profiled nmethods': size=120000Kb used=453Kb max_used=453Kb free=119546Kb
 bounds [0x0000023860ca0000, 0x0000023860f10000, 0x00000238681d0000]
CodeHeap 'profiled nmethods': size=120000Kb used=2266Kb max_used=2266Kb free=117733Kb
 bounds [0x00000238591d0000, 0x0000023859440000, 0x0000023860700000]
CodeHeap 'non-nmethods': size=5760Kb used=1261Kb max_used=1280Kb free=4498Kb
 bounds [0x0000023860700000, 0x0000023860970000, 0x0000023860ca0000]
 total_blobs=1737 nmethods=1262 adapters=386
 compilation: enabled
              stopped_count=0, restarted_count=0
 full_count=0

Compilation events (20 events):
Event: 7.234 Thread 0x0000023873c0df50 nmethod 1253 0x0000023859405310 code [0x0000023859405500, 0x0000023859405a28]
Event: 7.234 Thread 0x0000023873c0df50 1254       1       org.gradle.internal.dispatch.MethodInvocation::getMethod (5 bytes)
Event: 7.234 Thread 0x0000023873c0df50 nmethod 1254 0x0000023860d10290 code [0x0000023860d10420, 0x0000023860d104d8]
Event: 7.234 Thread 0x0000023873c0df50 1255       1       org.gradle.internal.dispatch.MethodInvocation::getArguments (5 bytes)
Event: 7.234 Thread 0x0000023873c0df50 nmethod 1255 0x0000023860d10590 code [0x0000023860d10720, 0x0000023860d107d8]
Event: 7.235 Thread 0x0000023873c0df50 1256       1       org.gradle.internal.serialize.Serializers$StatefulSerializerAdapter::access$000 (5 bytes)
Event: 7.235 Thread 0x0000023873c0df50 nmethod 1256 0x0000023860d10890 code [0x0000023860d10a20, 0x0000023860d10ad8]
Event: 7.235 Thread 0x0000023873c0df50 1261       3       java.lang.invoke.DirectMethodHandle$Holder::invokeSpecial (15 bytes)
Event: 7.235 Thread 0x0000023873c0df50 nmethod 1261 0x0000023859405c10 code [0x0000023859405de0, 0x0000023859406338]
Event: 7.235 Thread 0x0000023873c0df50 1257       1       org.gradle.internal.logging.sink.OutputEventListenerManager::access$000 (5 bytes)
Event: 7.235 Thread 0x0000023873c0df50 nmethod 1257 0x0000023860d10b90 code [0x0000023860d10d20, 0x0000023860d10dd8]
Event: 7.235 Thread 0x0000023873c0df50 1258       1       org.gradle.internal.logging.sink.OutputEventListenerManager::access$100 (5 bytes)
Event: 7.235 Thread 0x0000023873c0df50 nmethod 1258 0x0000023860d10e90 code [0x0000023860d11020, 0x0000023860d110d8]
Event: 7.235 Thread 0x0000023873c0df50 1259       1       org.gradle.internal.logging.slf4j.BuildOperationAwareLogger::isTraceEnabled (2 bytes)
Event: 7.235 Thread 0x0000023873c0df50 nmethod 1259 0x0000023860d11190 code [0x0000023860d11320, 0x0000023860d113f8]
Event: 7.235 Thread 0x0000023873c0df50 1260       1       org.gradle.launcher.daemon.protocol.OutputMessage::getEvent (5 bytes)
Event: 7.235 Thread 0x0000023873c0df50 nmethod 1260 0x0000023860d11490 code [0x0000023860d11620, 0x0000023860d116d8]
Event: 7.235 Thread 0x0000023873c0df50 1262       3       com.esotericsoftware.kryo.io.Input::readUtf8Length (139 bytes)
Event: 7.235 Thread 0x0000023873c0df50 nmethod 1262 0x0000023859406490 code [0x0000023859406660, 0x00000238594069d8]
Event: 7.235 Thread 0x0000023873c0df50 1263   !   3       java.lang.Class::getEnumConstantsShared (71 bytes)

GC Heap History (2 events):
Event: 0.619 GC heap before
{Heap before GC invocations=0 (full 0):
 garbage-first heap   total 131072K, used 25600K [0x0000000081e00000, 0x0000000100000000)
  region size 1024K, 23 young (23552K), 0 survivors (0K)
 Metaspace       used 4278K, committed 4480K, reserved 1114112K
  class space    used 540K, committed 640K, reserved 1048576K
}
Event: 0.623 GC heap after
{Heap after GC invocations=1 (full 0):
 garbage-first heap   total 131072K, used 9204K [0x0000000081e00000, 0x0000000100000000)
  region size 1024K, 3 young (3072K), 3 survivors (3072K)
 Metaspace       used 4278K, committed 4480K, reserved 1114112K
  class space    used 540K, committed 640K, reserved 1048576K
}

Dll operation events (12 events):
Event: 0.007 Loaded shared library C:\Program Files\Java\jdk-19\bin\java.dll
Event: 0.012 Loaded shared library C:\Program Files\Java\jdk-19\bin\jsvml.dll
Event: 0.035 Loaded shared library C:\Program Files\Java\jdk-19\bin\net.dll
Event: 0.038 Loaded shared library C:\Program Files\Java\jdk-19\bin\nio.dll
Event: 0.040 Loaded shared library C:\Program Files\Java\jdk-19\bin\zip.dll
Event: 0.042 Loaded shared library C:\Program Files\Java\jdk-19\bin\verify.dll
Event: 0.064 Loaded shared library C:\Program Files\Java\jdk-19\bin\jimage.dll
Event: 0.600 Loaded shared library C:\Users\User\.gradle\native\68d5fa5c4cc2d200863cafc0d521ce42e7d3e7ee720ec0a83991735586a16f82\windows-amd64\native-platform.dll
Event: 0.706 Loaded shared library C:\Program Files\Java\jdk-19\bin\management.dll
Event: 0.708 Loaded shared library C:\Program Files\Java\jdk-19\bin\management_ext.dll
Event: 0.924 Loaded shared library C:\Program Files\Java\jdk-19\bin\extnet.dll
Event: 0.989 Loaded shared library C:\Program Files\Java\jdk-19\bin\sunmscapi.dll

Deoptimization events (20 events):
Event: 0.749 Thread 0x0000023851290050 DEOPT PACKING pc=0x00000238592756e5 sp=0x00000094c8afc000
Event: 0.749 Thread 0x0000023851290050 DEOPT UNPACKING pc=0x0000023860767543 sp=0x00000094c8afb450 mode 0
Event: 0.766 Thread 0x0000023851290050 DEOPT PACKING pc=0x00000238592c2021 sp=0x00000094c8afb610
Event: 0.766 Thread 0x0000023851290050 DEOPT UNPACKING pc=0x0000023860767543 sp=0x00000094c8afab18 mode 0
Event: 0.805 Thread 0x0000023851290050 Uncommon trap: trap_request=0xffffffc6 fr.pc=0x0000023860cf48bc relative=0x00000000000002fc
Event: 0.805 Thread 0x0000023851290050 Uncommon trap: reason=bimorphic_or_optimized_type_check action=maybe_recompile pc=0x0000023860cf48bc method=java.util.concurrent.ConcurrentHashMap.get(Ljava/lang/Object;)Ljava/lang/Object; @ 149 c2
Event: 0.805 Thread 0x0000023851290050 DEOPT PACKING pc=0x0000023860cf48bc sp=0x00000094c8afcdd0
Event: 0.805 Thread 0x0000023851290050 DEOPT UNPACKING pc=0x0000023860766da3 sp=0x00000094c8afcd40 mode 2
Event: 0.830 Thread 0x0000023851290050 Uncommon trap: trap_request=0xffffff45 fr.pc=0x0000023860cef29c relative=0x00000000000016bc
Event: 0.830 Thread 0x0000023851290050 Uncommon trap: reason=unstable_if action=reinterpret pc=0x0000023860cef29c method=java.io.WinNTFileSystem.normalize(Ljava/lang/String;)Ljava/lang/String; @ 128 c2
Event: 0.830 Thread 0x0000023851290050 DEOPT PACKING pc=0x0000023860cef29c sp=0x00000094c8afcdb0
Event: 0.830 Thread 0x0000023851290050 DEOPT UNPACKING pc=0x0000023860766da3 sp=0x00000094c8afcd88 mode 2
Event: 0.942 Thread 0x0000023851290050 Uncommon trap: trap_request=0xffffff45 fr.pc=0x0000023860cda49c relative=0x000000000000055c
Event: 0.942 Thread 0x0000023851290050 Uncommon trap: reason=unstable_if action=reinterpret pc=0x0000023860cda49c method=java.lang.AbstractStringBuilder.append(Ljava/lang/String;)Ljava/lang/AbstractStringBuilder; @ 1 c2
Event: 0.942 Thread 0x0000023851290050 DEOPT PACKING pc=0x0000023860cda49c sp=0x00000094c8afdaf0
Event: 0.942 Thread 0x0000023851290050 DEOPT UNPACKING pc=0x0000023860766da3 sp=0x00000094c8afda70 mode 2
Event: 0.942 Thread 0x0000023851290050 Uncommon trap: trap_request=0xffffff45 fr.pc=0x0000023860cd5614 relative=0x0000000000000554
Event: 0.942 Thread 0x0000023851290050 Uncommon trap: reason=unstable_if action=reinterpret pc=0x0000023860cd5614 method=java.lang.AbstractStringBuilder.append(Ljava/lang/String;)Ljava/lang/AbstractStringBuilder; @ 1 c2
Event: 0.942 Thread 0x0000023851290050 DEOPT PACKING pc=0x0000023860cd5614 sp=0x00000094c8afda80
Event: 0.942 Thread 0x0000023851290050 DEOPT UNPACKING pc=0x0000023860766da3 sp=0x00000094c8afda68 mode 2

Classes loaded (20 events):
Event: 0.999 Loading class sun/nio/ch/SelectionKeyImpl
Event: 0.999 Loading class java/nio/channels/spi/AbstractSelectionKey
Event: 0.999 Loading class java/nio/channels/SelectionKey
Event: 0.999 Loading class java/nio/channels/SelectionKey done
Event: 0.999 Loading class java/nio/channels/spi/AbstractSelectionKey done
Event: 0.999 Loading class sun/nio/ch/SelectionKeyImpl done
Event: 0.999 Loading class java/lang/invoke/ConstantBootstraps
Event: 1.000 Loading class java/lang/invoke/ConstantBootstraps done
Event: 1.005 Loading class java/nio/channels/spi/AbstractSelector$1
Event: 1.005 Loading class java/nio/channels/spi/AbstractSelector$1 done
Event: 1.028 Loading class java/lang/Thread$ThreadNumbering
Event: 1.028 Loading class java/lang/Thread$ThreadNumbering done
Event: 1.029 Loading class java/nio/charset/CharacterCodingException
Event: 1.029 Loading class java/nio/charset/CharacterCodingException done
Event: 1.030 Loading class java/nio/channels/AsynchronousCloseException
Event: 1.030 Loading class java/nio/channels/ClosedChannelException
Event: 1.030 Loading class java/nio/channels/ClosedChannelException done
Event: 1.030 Loading class java/nio/channels/AsynchronousCloseException done
Event: 7.234 Loading class java/lang/invoke/MethodHandle$1
Event: 7.234 Loading class java/lang/invoke/MethodHandle$1 done

Classes unloaded (0 events):
No events

Classes redefined (0 events):
No events

Internal exceptions (20 events):
Event: 0.112 Thread 0x0000023851290050 Exception <a 'java/lang/NoSuchMethodError'{0x0000000089a7b760}: 'void java.lang.invoke.DirectMethodHandle$Holder.invokeStatic(java.lang.Object, java.lang.Object, java.lang.Object)'> (0x0000000089a7b760) 
thrown [s\open\src\hotspot\share\interpreter\linkResolver.cpp, line 774]
Event: 0.114 Thread 0x0000023851290050 Exception <a 'java/lang/NoSuchMethodError'{0x0000000089a8ec88}: 'java.lang.Object java.lang.invoke.Invokers$Holder.invokeExact_MT(java.lang.Object, java.lang.Object, java.lang.Object, java.lang.Object, java.lang.Object)'> (0x0000000089a8ec88) 
thrown [s\open\src\hotspot\share\interpreter\linkResolver.cpp, line 774]
Event: 0.122 Thread 0x0000023851290050 Exception <a 'java/lang/NoSuchMethodError'{0x0000000089abc438}: 'int java.lang.invoke.DirectMethodHandle$Holder.invokeStaticInit(java.lang.Object, java.lang.Object)'> (0x0000000089abc438) 
thrown [s\open\src\hotspot\share\interpreter\linkResolver.cpp, line 774]
Event: 0.565 Thread 0x0000023851290050 Exception <a 'java/lang/NoSuchMethodError'{0x0000000088926970}: 'void java.lang.invoke.DirectMethodHandle$Holder.invokeInterface(java.lang.Object, java.lang.Object, java.lang.Object)'> (0x0000000088926970) 
thrown [s\open\src\hotspot\share\interpreter\linkResolver.cpp, line 774]
Event: 0.572 Thread 0x0000023851290050 Exception <a 'java/lang/NoClassDefFoundError'{0x0000000088971688}: org/slf4j/impl/StaticMarkerBinder> (0x0000000088971688) 
thrown [s\open\src\hotspot\share\classfile\systemDictionary.cpp, line 244]
Event: 0.582 Thread 0x0000023851290050 Exception <a 'java/lang/NoSuchMethodError'{0x00000000889f8928}: 'java.lang.Object java.lang.invoke.DirectMethodHandle$Holder.invokeVirtual(java.lang.Object, java.lang.Object, java.lang.Object, java.lang.Object, java.lang.Object, java.lang.Object, java.lang.Object)'> (0x00000000889f8928) 
thrown [s\open\src\hotspot\share\interpreter\linkResolver.cpp, line 774]
Event: 0.584 Thread 0x0000023851290050 Exception <a 'java/lang/NoSuchMethodError'{0x000000008880cdb8}: 'java.lang.Object java.lang.invoke.DirectMethodHandle$Holder.invokeStatic(java.lang.Object, java.lang.Object, int)'> (0x000000008880cdb8) 
thrown [s\open\src\hotspot\share\interpreter\linkResolver.cpp, line 774]
Event: 0.585 Thread 0x0000023851290050 Exception <a 'java/lang/NoSuchMethodError'{0x0000000088818ae0}: 'void java.lang.invoke.DelegatingMethodHandle$Holder.delegate(java.lang.Object, java.lang.Object, int, java.lang.Object)'> (0x0000000088818ae0) 
thrown [s\open\src\hotspot\share\interpreter\linkResolver.cpp, line 774]
Event: 0.585 Thread 0x0000023851290050 Exception <a 'java/lang/NoSuchMethodError'{0x000000008881cc40}: 'int java.lang.invoke.DirectMethodHandle$Holder.invokeSpecial(java.lang.Object, java.lang.Object, java.lang.Object)'> (0x000000008881cc40) 
thrown [s\open\src\hotspot\share\interpreter\linkResolver.cpp, line 774]
Event: 0.604 Thread 0x0000023851290050 Exception <a 'java/lang/NoSuchMethodError'{0x00000000888b57f0}: 'java.lang.Object java.lang.invoke.DirectMethodHandle$Holder.invokeVirtual(java.lang.Object, java.lang.Object, java.lang.Object)'> (0x00000000888b57f0) 
thrown [s\open\src\hotspot\share\interpreter\linkResolver.cpp, line 774]
Event: 0.649 Thread 0x0000023851290050 Exception <a 'java/lang/NoSuchMethodError'{0x0000000089cd86d0}: 'java.lang.Object java.lang.invoke.DirectMethodHandle$Holder.invokeVirtual(java.lang.Object, java.lang.Object, java.lang.Object, java.lang.Object)'> (0x0000000089cd86d0) 
thrown [s\open\src\hotspot\share\interpreter\linkResolver.cpp, line 774]
Event: 0.662 Thread 0x0000023851290050 Exception <a 'java/lang/NoSuchMethodError'{0x0000000089b62de8}: 'java.lang.Object java.lang.invoke.DirectMethodHandle$Holder.invokeVirtual(java.lang.Object, java.lang.Object, java.lang.Object, java.lang.Object, java.lang.Object, java.lang.Object)'> (0x0000000089b62de8) 
thrown [s\open\src\hotspot\share\interpreter\linkResolver.cpp, line 774]
Event: 0.705 Thread 0x0000023851290050 Exception <a 'java/lang/NoSuchMethodError'{0x00000000899a0bb0}: 'java.lang.Object java.lang.invoke.DirectMethodHandle$Holder.invokeStaticInit(java.lang.Object)'> (0x00000000899a0bb0) 
thrown [s\open\src\hotspot\share\interpreter\linkResolver.cpp, line 774]
Event: 0.741 Thread 0x0000023851290050 Exception <a 'java/lang/NoSuchMethodError'{0x0000000089729da8}: 'java.lang.Object java.lang.invoke.DirectMethodHandle$Holder.invokeVirtual(java.lang.Object, java.lang.Object, java.lang.Object, java.lang.Object, java.lang.Object)'> (0x0000000089729da8) 
thrown [s\open\src\hotspot\share\interpreter\linkResolver.cpp, line 774]
Event: 0.742 Thread 0x0000023851290050 Exception <a 'java/lang/NoSuchMethodError'{0x000000008973dd38}: 'java.lang.Object java.lang.invoke.Invokers$Holder.invokeExact_MT(java.lang.Object, java.lang.Object, java.lang.Object, java.lang.Object, java.lang.Object, java.lang.Object)'> (0x000000008973dd38) 
thrown [s\open\src\hotspot\share\interpreter\linkResolver.cpp, line 774]
Event: 0.775 Thread 0x0000023851290050 Exception <a 'java/lang/NoSuchMethodError'{0x00000000896d0bf0}: 'java.lang.Object java.lang.invoke.DirectMethodHandle$Holder.invokeVirtual(java.lang.Object, java.lang.Object, java.lang.Object, java.lang.Object, java.lang.Object, java.lang.Object, java.lang.Object, java.lang.Object)'> (0x00000000896d0bf0) 
thrown [s\open\src\hotspot\share\interpreter\linkResolver.cpp, line 774]
Event: 0.799 Thread 0x0000023851290050 Exception <a 'java/lang/NoSuchMethodError'{0x00000000895f71b8}: 'java.lang.Object java.lang.invoke.DirectMethodHandle$Holder.invokeStaticInit(java.lang.Object, int, int, int, int)'> (0x00000000895f71b8) 
thrown [s\open\src\hotspot\share\interpreter\linkResolver.cpp, line 774]
Event: 0.838 Thread 0x0000023851290050 Exception <a 'java/lang/NoSuchMethodError'{0x0000000089418af8}: 'java.lang.Object java.lang.invoke.DirectMethodHandle$Holder.invokeStaticInit(java.lang.Object, java.lang.Object, int, int, int, int)'> (0x0000000089418af8) 
thrown [s\open\src\hotspot\share\interpreter\linkResolver.cpp, line 774]
Event: 0.942 Thread 0x0000023851290050 Implicit null exception at 0x0000023860cd9f72 to 0x0000023860cda484
Event: 0.942 Thread 0x0000023851290050 Implicit null exception at 0x0000023860cd50f2 to 0x0000023860cd55fc

VM Operations (16 events):
Event: 0.040 Executing VM operation: HandshakeAllThreads
Event: 0.040 Executing VM operation: HandshakeAllThreads done
Event: 0.504 Executing VM operation: HandshakeAllThreads
Event: 0.504 Executing VM operation: HandshakeAllThreads done
Event: 0.584 Executing VM operation: HandshakeAllThreads
Event: 0.584 Executing VM operation: HandshakeAllThreads done
Event: 0.619 Executing VM operation: G1CollectForAllocation
Event: 0.623 Executing VM operation: G1CollectForAllocation done
Event: 0.643 Executing VM operation: HandshakeAllThreads
Event: 0.643 Executing VM operation: HandshakeAllThreads done
Event: 0.759 Executing VM operation: HandshakeAllThreads
Event: 0.759 Executing VM operation: HandshakeAllThreads done
Event: 0.833 Executing VM operation: HandshakeAllThreads
Event: 0.833 Executing VM operation: HandshakeAllThreads done
Event: 1.842 Executing VM operation: Cleanup
Event: 1.842 Executing VM operation: Cleanup done

Events (15 events):
Event: 0.013 Thread 0x0000023851290050 Thread added: 0x0000023851290050
Event: 0.021 Thread 0x000002386fa9c1a0 Thread added: 0x000002386fa9c1a0
Event: 0.021 Thread 0x000002386fa9cf90 Thread added: 0x000002386fa9cf90
Event: 0.021 Thread 0x000002386fa9e860 Thread added: 0x000002386fa9e860
Event: 0.021 Thread 0x0000023873c03490 Thread added: 0x0000023873c03490
Event: 0.021 Thread 0x0000023873c03dc0 Thread added: 0x0000023873c03dc0
Event: 0.021 Thread 0x0000023873c046f0 Thread added: 0x0000023873c046f0
Event: 0.021 Thread 0x0000023873c05490 Thread added: 0x0000023873c05490
Event: 0.021 Thread 0x0000023873c0df50 Thread added: 0x0000023873c0df50
Event: 0.021 Thread 0x0000023873c17f20 Thread added: 0x0000023873c17f20
Event: 0.031 Thread 0x0000023873d4d460 Thread added: 0x0000023873d4d460
Event: 0.033 Thread 0x0000023873d54840 Thread added: 0x0000023873d54840
Event: 0.615 Thread 0x0000023874677ba0 Thread added: 0x0000023874677ba0
Event: 1.028 Thread 0x0000023874877fe0 Thread added: 0x0000023874877fe0
Event: 1.030 Thread 0x0000023874878d30 Thread added: 0x0000023874878d30


Dynamic libraries:
0x00007ff7e8e60000 - 0x00007ff7e8e70000 	C:\Program Files\Java\jdk-19\bin\java.exe
0x00007ff97a590000 - 0x00007ff97a788000 	C:\Windows\SYSTEM32\ntdll.dll
0x00007ff979820000 - 0x00007ff9798df000 	C:\Windows\System32\KERNEL32.DLL
0x00007ff978140000 - 0x00007ff978436000 	C:\Windows\System32\KERNELBASE.dll
0x00007ff977ee0000 - 0x00007ff977fe0000 	C:\Windows\System32\ucrtbase.dll
0x00007ff954100000 - 0x00007ff954118000 	C:\Program Files\Java\jdk-19\bin\jli.dll
0x00007ff9540e0000 - 0x00007ff9540fb000 	C:\Program Files\Java\jdk-19\bin\VCRUNTIME140.dll
0x00007ff979250000 - 0x00007ff9792ff000 	C:\Windows\System32\ADVAPI32.dll
0x00007ff97a3f0000 - 0x00007ff97a48e000 	C:\Windows\System32\msvcrt.dll
0x00007ff978790000 - 0x00007ff97882c000 	C:\Windows\System32\sechost.dll
0x00007ff97a110000 - 0x00007ff97a236000 	C:\Windows\System32\RPCRT4.dll
0x00007ff979000000 - 0x00007ff97919d000 	C:\Windows\System32\USER32.dll
0x00007ff977eb0000 - 0x00007ff977ed2000 	C:\Windows\System32\win32u.dll
0x00007ff97a490000 - 0x00007ff97a4bc000 	C:\Windows\System32\GDI32.dll
0x00007ff9784d0000 - 0x00007ff9785e5000 	C:\Windows\System32\gdi32full.dll
0x00007ff961b10000 - 0x00007ff961daa000 	C:\Windows\WinSxS\amd64_microsoft.windows.common-controls_6595b64144ccf1df_6.0.19041.1110_none_60b5254171f9507e\COMCTL32.dll
0x00007ff977d90000 - 0x00007ff977e2d000 	C:\Windows\System32\msvcp_win.dll
0x00007ff9777f0000 - 0x00007ff9777fa000 	C:\Windows\SYSTEM32\VERSION.dll
0x00007ff97a4c0000 - 0x00007ff97a4f0000 	C:\Windows\System32\IMM32.DLL
0x0000000074c60000 - 0x0000000074c6c000 	C:\Program Files (x86)\360\Total Security\safemon\SafeWrapper.dll
0x00007ff9402a0000 - 0x00007ff940332000 	C:\Program Files (x86)\360\Total Security\safemon\libzdtp64.dll
0x00007ff9788b0000 - 0x00007ff978ff4000 	C:\Windows\System32\SHELL32.dll
0x00007ff97a240000 - 0x00007ff97a295000 	C:\Windows\System32\SHLWAPI.dll
0x00007ff9540d0000 - 0x00007ff9540dc000 	C:\Program Files\Java\jdk-19\bin\vcruntime140_1.dll
0x00007ff954040000 - 0x00007ff9540ce000 	C:\Program Files\Java\jdk-19\bin\msvcp140.dll
0x00007ff935ce0000 - 0x00007ff9369a0000 	C:\Program Files\Java\jdk-19\bin\server\jvm.dll
0x00007ff971ce0000 - 0x00007ff971ce9000 	C:\Windows\SYSTEM32\WSOCK32.dll
0x00007ff979c40000 - 0x00007ff979cab000 	C:\Windows\System32\WS2_32.dll
0x00007ff974fe0000 - 0x00007ff975007000 	C:\Windows\SYSTEM32\WINMM.dll
0x00007ff976440000 - 0x00007ff976452000 	C:\Windows\SYSTEM32\kernel.appcore.dll
0x00007ff951fc0000 - 0x00007ff951fca000 	C:\Program Files\Java\jdk-19\bin\jimage.dll
0x00007ff976170000 - 0x00007ff976354000 	C:\Windows\SYSTEM32\DBGHELP.DLL
0x00007ff974e60000 - 0x00007ff974e94000 	C:\Windows\SYSTEM32\dbgcore.DLL
0x00007ff978440000 - 0x00007ff9784c2000 	C:\Windows\System32\bcryptPrimitives.dll
0x00007ff94b610000 - 0x00007ff94b636000 	C:\Program Files\Java\jdk-19\bin\java.dll
0x00007ff93c9d0000 - 0x00007ff93caa7000 	C:\Program Files\Java\jdk-19\bin\jsvml.dll
0x00007ff975900000 - 0x00007ff976093000 	C:\Windows\SYSTEM32\windows.storage.dll
0x00007ff9798e0000 - 0x00007ff979c34000 	C:\Windows\System32\combase.dll
0x00007ff977650000 - 0x00007ff97767e000 	C:\Windows\SYSTEM32\Wldp.dll
0x00007ff979300000 - 0x00007ff9793ad000 	C:\Windows\System32\SHCORE.dll
0x00007ff977bb0000 - 0x00007ff977bcf000 	C:\Windows\SYSTEM32\profapi.dll
0x00007ff94b5f0000 - 0x00007ff94b603000 	C:\Program Files\Java\jdk-19\bin\net.dll
0x00007ff96e850000 - 0x00007ff96e95a000 	C:\Windows\SYSTEM32\WINHTTP.dll
0x00007ff9773b0000 - 0x00007ff97741a000 	C:\Windows\system32\mswsock.dll
0x00007ff94a5c0000 - 0x00007ff94a5d6000 	C:\Program Files\Java\jdk-19\bin\nio.dll
0x00007ff946a50000 - 0x00007ff946a68000 	C:\Program Files\Java\jdk-19\bin\zip.dll
0x00007ff94eb10000 - 0x00007ff94eb20000 	C:\Program Files\Java\jdk-19\bin\verify.dll
0x00007ff94c180000 - 0x00007ff94c1a7000 	C:\Users\User\.gradle\native\68d5fa5c4cc2d200863cafc0d521ce42e7d3e7ee720ec0a83991735586a16f82\windows-amd64\native-platform.dll
0x00007ff94d5c0000 - 0x00007ff94d5ca000 	C:\Program Files\Java\jdk-19\bin\management.dll
0x00007ff94b820000 - 0x00007ff94b82b000 	C:\Program Files\Java\jdk-19\bin\management_ext.dll
0x00007ff97a380000 - 0x00007ff97a388000 	C:\Windows\System32\PSAPI.DLL
0x00007ff9775a0000 - 0x00007ff9775b8000 	C:\Windows\SYSTEM32\CRYPTSP.dll
0x00007ff976c60000 - 0x00007ff976c94000 	C:\Windows\system32\rsaenh.dll
0x00007ff977e80000 - 0x00007ff977ea7000 	C:\Windows\System32\bcrypt.dll
0x00007ff977b70000 - 0x00007ff977b9e000 	C:\Windows\SYSTEM32\USERENV.dll
0x00007ff9775c0000 - 0x00007ff9775cc000 	C:\Windows\SYSTEM32\CRYPTBASE.dll
0x00007ff977050000 - 0x00007ff97708c000 	C:\Windows\SYSTEM32\IPHLPAPI.DLL
0x00007ff9785f0000 - 0x00007ff9785f8000 	C:\Windows\System32\NSI.dll
0x00007ff96eb40000 - 0x00007ff96eb57000 	C:\Windows\SYSTEM32\dhcpcsvc6.DLL
0x00007ff96ff70000 - 0x00007ff96ff8d000 	C:\Windows\SYSTEM32\dhcpcsvc.DLL
0x00007ff977090000 - 0x00007ff97715a000 	C:\Windows\SYSTEM32\DNSAPI.dll
0x00007ff94b7b0000 - 0x00007ff94b7b8000 	C:\Program Files\Java\jdk-19\bin\extnet.dll
0x00007ff946a40000 - 0x00007ff946a4e000 	C:\Program Files\Java\jdk-19\bin\sunmscapi.dll
0x00007ff977fe0000 - 0x00007ff97813e000 	C:\Windows\System32\CRYPT32.dll
0x00007ff9776c0000 - 0x00007ff9776e8000 	C:\Windows\SYSTEM32\ncrypt.dll
0x00007ff977680000 - 0x00007ff9776bb000 	C:\Windows\SYSTEM32\NTASN1.dll
0x00007ff953a20000 - 0x00007ff953a27000 	C:\Windows\system32\wshunix.dll

dbghelp: loaded successfully - version: 4.0.5 - missing functions: none
symbol engine: initialized successfully - sym options: 0x614 - pdb path: .;C:\Program Files\Java\jdk-19\bin;C:\Windows\SYSTEM32;C:\Windows\WinSxS\amd64_microsoft.windows.common-controls_6595b64144ccf1df_6.0.19041.1110_none_60b5254171f9507e;C:\Program Files (x86)\360\Total Security\safemon;C:\Program Files\Java\jdk-19\bin\server;C:\Users\User\.gradle\native\68d5fa5c4cc2d200863cafc0d521ce42e7d3e7ee720ec0a83991735586a16f82\windows-amd64

VM Arguments:
jvm_args: -Dorg.gradle.appname=gradlew 
java_command: org.gradle.wrapper.GradleWrapperMain -q -Ptarget-platform=android-x86 -Ptarget=E:\ss\flutter\zflutter project\final_project\lib\main.dart -Pbase-application-name=android.app.Application -Pdart-defines=Zmx1dHRlci5pbnNwZWN0b3Iuc3RydWN0dXJlZEVycm9ycz10cnVl,RkxVVFRFUl9XRUJfQVVUT19ERVRFQ1Q9dHJ1ZQ==,RkxVVFRFUl9XRUJfQ0FOVkFTS0lUX1VSTD1odHRwczovL3d3dy5nc3RhdGljLmNvbS9mbHV0dGVyLWNhbnZhc2tpdC9iNGZiMTEyMTRkZDJkZGE2Y2UwMTJkZDk4ZWE0OThlOWU4YjkxMjYyLw== -Pdart-obfuscation=false -Ptrack-widget-creation=true -Ptree-shake-icons=false -Pfilesystem-scheme=org-dartlang-root assembleDebug
java_class_path (initial): E:\ss\flutter\zflutter project\final_project\android\\gradle\wrapper\gradle-wrapper.jar
Launcher Type: SUN_STANDARD

[Global flags]
     intx CICompilerCount                          = 4                                         {product} {ergonomic}
     uint ConcGCThreads                            = 2                                         {product} {ergonomic}
     uint G1ConcRefinementThreads                  = 8                                         {product} {ergonomic}
   size_t G1HeapRegionSize                         = 1048576                                   {product} {ergonomic}
    uintx GCDrainStackTargetSize                   = 64                                        {product} {ergonomic}
   size_t InitialHeapSize                          = 134217728                                 {product} {ergonomic}
   size_t MarkStackSize                            = 4194304                                   {product} {ergonomic}
   size_t MaxHeapSize                              = 2116026368                                {product} {ergonomic}
   size_t MaxNewSize                               = 1268776960                                {product} {ergonomic}
   size_t MinHeapDeltaBytes                        = 1048576                                   {product} {ergonomic}
   size_t MinHeapSize                              = 8388608                                   {product} {ergonomic}
    uintx NonNMethodCodeHeapSize                   = 5839372                                {pd product} {ergonomic}
    uintx NonProfiledCodeHeapSize                  = 122909434                              {pd product} {ergonomic}
    uintx ProfiledCodeHeapSize                     = 122909434                              {pd product} {ergonomic}
    uintx ReservedCodeCacheSize                    = 251658240                              {pd product} {ergonomic}
     bool SegmentedCodeCache                       = true                                      {product} {ergonomic}
   size_t SoftMaxHeapSize                          = 2116026368                             {manageable} {ergonomic}
     bool UseCompressedClassPointers               = true                           {product lp64_product} {ergonomic}
     bool UseCompressedOops                        = true                           {product lp64_product} {ergonomic}
     bool UseG1GC                                  = true                                      {product} {ergonomic}
     bool UseLargePagesIndividualAllocation        = false                                  {pd product} {ergonomic}

Logging:
Log output configuration:
 #0: stdout all=warning uptime,level,tags foldmultilines=false
 #1: stderr all=off uptime,level,tags foldmultilines=false

Environment Variables:
JAVA_HOME=C:\Program Files\Java\jdk-19
CLASSPATH=E:\ss\flutter\zflutter project\final_project\android\\gradle\wrapper\gradle-wrapper.jar
PATH=C:\Program Files\Common Files\Oracle\Java\javapath;C:\Program Files (x86)\Common Files\Oracle\Java\javapath;C:\Windows\system32;C:\Windows;C:\Windows\System32\Wbem;C:\Windows\System32\WindowsPowerShell\v1.0\;C:\Windows\System32\OpenSSH\;"C:\src\flutter\bin;";"C:\Program Files\Dart\dart-sdk\bin;";C:\Program Files\Git\cmd;C:\Users\User\anaconda3\Lib\venv\scripts\nt;C:\Users\User\AppData\Local\Programs\Python\Python311;C:\Program Files\nodejs\;C:\Users\User\AppData\Local\Microsoft\WindowsApps;"C:\Program Files\Dart\dart-sdk\bin;";"C:\src\flutter\bin;";C:\Users\User\AppData\Local\Programs\Microsoft VS Code\bin;C:\Users\User\AppData\Local\Programs\Python\Python311;C:\src\flutter\bin;C:\Users\User\AppData\Roaming\npm;;C:\src\flutter\bin\mingit\cmd
USERNAME=User
OS=Windows_NT
PROCESSOR_IDENTIFIER=Intel64 Family 6 Model 142 Stepping 12, GenuineIntel
TMP=C:\Users\User\AppData\Local\Temp
TEMP=C:\Users\User\AppData\Local\Temp



---------------  S Y S T E M  ---------------

OS:
 Windows 10 , 64 bit Build 19041 (10.0.19041.3031)
OS uptime: 0 days 0:30 hours

CPU: total 8 (initial active 8) (4 cores per cpu, 2 threads per core) family 6 model 142 stepping 12 microcode 0xb8, cx8, cmov, fxsr, ht, mmx, 3dnowpref, sse, sse2, sse3, ssse3, sse4.1, sse4.2, popcnt, lzcnt, tsc, tscinvbit, avx, avx2, aes, erms, clmul, bmi1, bmi2, adx, fma, vzeroupper, clflush, clflushopt, rdtscp

Memory: 4k page, system-wide physical 8068M (1024M free)
TotalPageFile size 18067M (AvailPageFile size 599M)
current process WorkingSet (physical memory assigned to process): 84M, peak: 86M
current process commit charge ("private bytes"): 229M, peak: 231M

vm_info: Java HotSpot(TM) 64-Bit Server VM (19+36-2238) for windows-amd64 JRE (19+36-2238), built on 2022-08-12T20:29:01Z by "mach5one" with MS VC++ 17.1 (VS2022)

END.
